SF:lib\src\pages\create_account_page.dart
DA:25,1
DA:27,1
DA:28,1
DA:47,1
DA:48,1
DA:49,3
DA:54,1
DA:56,1
DA:57,3
DA:60,1
DA:62,1
DA:63,3
DA:69,1
DA:70,1
DA:71,3
DA:74,1
DA:75,3
DA:81,1
DA:82,2
DA:83,3
DA:85,2
DA:86,1
DA:91,1
DA:92,2
DA:93,3
DA:95,2
DA:96,1
DA:101,1
DA:103,3
DA:104,2
DA:105,2
DA:107,1
DA:109,5
DA:116,0
DA:118,0
DA:120,0
DA:122,0
DA:123,0
DA:124,0
DA:125,0
DA:126,0
DA:127,0
DA:128,0
DA:129,0
DA:130,0
DA:131,0
DA:132,0
DA:133,0
DA:134,0
DA:135,0
DA:136,0
DA:141,0
DA:142,0
DA:143,0
DA:145,0
DA:146,0
DA:147,0
DA:148,0
DA:154,0
DA:155,0
DA:156,0
DA:162,0
DA:163,0
DA:164,0
DA:174,1
DA:177,1
DA:179,1
DA:180,1
DA:181,1
DA:183,1
DA:184,1
DA:185,1
DA:186,1
DA:187,1
DA:189,1
DA:190,2
DA:191,1
DA:192,1
DA:193,2
DA:194,1
DA:197,2
DA:198,1
DA:199,1
DA:200,2
DA:201,1
DA:205,2
DA:206,1
DA:207,1
DA:208,2
DA:209,1
DA:213,2
DA:214,1
DA:215,1
DA:216,2
DA:217,1
DA:220,2
DA:221,1
DA:222,1
DA:223,2
DA:224,1
DA:228,2
DA:229,1
DA:230,2
DA:231,2
DA:232,1
DA:233,2
DA:235,2
DA:236,1
DA:237,1
DA:238,2
DA:240,2
DA:241,1
DA:242,2
DA:243,2
DA:244,1
DA:245,2
DA:248,2
DA:249,1
DA:250,1
DA:251,2
DA:252,1
DA:255,2
DA:256,1
DA:257,1
DA:258,2
DA:259,1
DA:263,2
DA:264,1
DA:265,1
DA:266,2
DA:268,1
DA:271,2
DA:272,1
DA:273,1
DA:274,2
DA:276,4
DA:279,2
DA:280,1
DA:281,2
DA:282,1
DA:284,2
LF:141
LH:110
end_of_record
SF:lib\src\providers\login_provider.dart
DA:7,10
DA:9,4
DA:11,4
DA:13,4
LF:4
LH:4
end_of_record
SF:lib\src\providers\create_account_provider.dart
DA:11,6
DA:12,4
DA:13,6
DA:15,3
DA:16,3
DA:17,3
DA:20,2
DA:21,2
DA:22,2
DA:25,3
DA:26,3
DA:27,3
LF:12
LH:12
end_of_record
SF:lib\src\utils\texts_util.dart
DA:12,5
DA:16,5
DA:18,5
DA:23,3
DA:29,2
DA:30,10
DA:31,4
DA:34,4
DA:35,4
DA:36,4
DA:37,8
DA:38,8
DA:39,4
DA:47,1
DA:48,2
DA:49,1
DA:51,1
DA:54,2
DA:55,2
DA:56,1
DA:68,20
DA:70,3
DA:71,9
DA:73,2
DA:76,2
DA:78,2
DA:84,1
LF:27
LH:27
end_of_record
SF:lib\src\services\fetch_data.dart
DA:18,8
DA:20,1
DA:22,1
DA:24,1
DA:26,2
DA:27,3
DA:28,1
DA:34,2
DA:36,3
DA:38,1
DA:46,1
DA:50,2
DA:51,3
DA:52,1
DA:57,2
DA:65,1
DA:67,1
DA:69,2
DA:71,2
DA:73,2
DA:74,6
DA:77,2
DA:79,3
DA:81,6
DA:82,4
DA:91,1
DA:110,1
DA:112,3
DA:115,3
DA:125,1
DA:126,1
DA:131,3
DA:133,1
DA:136,2
DA:138,2
LF:35
LH:35
end_of_record
SF:lib\src\widgets\general_widgets\drop_down_widget.dart
DA:22,2
DA:33,2
DA:34,2
DA:42,1
DA:44,2
DA:47,2
DA:48,3
DA:49,1
DA:51,7
DA:52,1
DA:56,2
DA:57,1
DA:58,4
DA:59,0
DA:61,0
DA:62,0
DA:63,0
DA:67,6
DA:68,2
DA:69,2
DA:71,0
DA:79,2
DA:82,2
DA:83,2
DA:84,2
DA:85,4
DA:88,2
DA:89,4
DA:90,2
DA:94,2
DA:95,6
DA:96,2
DA:97,2
DA:100,2
DA:101,2
DA:104,2
DA:105,2
DA:108,2
DA:109,2
DA:110,2
DA:113,2
DA:114,2
DA:117,2
DA:118,4
DA:119,2
DA:123,10
DA:124,2
DA:125,2
DA:126,2
DA:127,2
DA:131,2
DA:132,2
DA:133,2
LF:53
LH:48
end_of_record
SF:lib\src\utils\responsive_app.dart
DA:18,1
DA:19,11
DA:20,4
DA:21,4
DA:22,4
DA:23,3
DA:24,3
DA:25,3
DA:26,3
DA:27,3
DA:30,11
DA:31,11
DA:33,0
DA:35,11
DA:39,10
DA:40,10
DA:42,0
DA:44,10
DA:48,26
DA:50,22
DA:52,22
DA:54,2
DA:56,2
DA:58,2
DA:60,11
DA:61,33
DA:62,2
DA:63,2
LF:28
LH:26
end_of_record
SF:lib\src\widgets\general_widgets\poppins_text.dart
DA:15,13
DA:28,13
DA:30,13
DA:31,13
DA:32,13
DA:33,13
DA:34,13
DA:35,13
DA:36,13
DA:37,13
DA:38,13
DA:39,13
LF:12
LH:12
end_of_record
SF:lib\src\widgets\general_widgets\button_file_picker.dart
DA:25,2
DA:34,2
DA:35,2
DA:43,2
DA:46,2
DA:48,2
DA:49,2
DA:50,2
DA:52,2
DA:53,2
DA:54,2
DA:56,2
DA:57,2
DA:58,4
DA:59,2
DA:62,4
DA:63,2
DA:64,2
DA:66,2
DA:67,2
DA:70,1
DA:71,2
DA:72,3
DA:74,2
DA:76,0
DA:78,0
DA:80,5
DA:81,7
DA:82,2
DA:85,2
DA:87,2
DA:88,2
DA:92,4
DA:93,2
DA:94,2
DA:95,4
DA:97,2
DA:107,4
DA:108,2
DA:110,1
DA:111,1
DA:112,1
DA:113,1
DA:115,1
DA:116,1
DA:119,2
LF:46
LH:44
end_of_record
SF:lib\src\classes\user.dart
DA:10,2
DA:20,1
DA:21,1
DA:22,1
DA:23,1
LF:5
LH:5
end_of_record
SF:lib\src\widgets\general_widgets\main_button.dart
DA:18,4
DA:27,4
DA:30,4
DA:32,4
DA:33,4
DA:34,10
DA:35,4
DA:36,4
DA:38,12
DA:40,8
DA:41,5
DA:42,1
DA:43,1
DA:44,1
DA:48,4
DA:49,4
DA:51,4
LF:17
LH:17
end_of_record
SF:lib\src\widgets\general_widgets\snackbar_widget.dart
DA:9,2
DA:14,2
DA:15,2
DA:16,2
DA:18,2
LF:5
LH:5
end_of_record
SF:lib\src\widgets\general_widgets\text_form_field_widget.dart
DA:22,3
DA:37,3
DA:38,3
DA:45,3
DA:48,3
DA:49,9
DA:50,3
DA:51,6
DA:52,6
DA:53,6
DA:54,6
DA:55,6
DA:56,9
DA:57,3
DA:59,3
DA:61,3
DA:62,9
DA:63,3
DA:64,3
DA:67,3
DA:68,3
DA:71,3
DA:72,3
DA:75,3
DA:77,3
DA:78,3
DA:81,3
DA:82,3
DA:85,3
DA:86,6
DA:87,3
DA:90,9
DA:91,5
DA:92,3
DA:93,3
DA:95,15
DA:97,8
DA:100,2
LF:38
LH:38
end_of_record
SF:lib\src\widgets\create_account_widgets\create_account_header.dart
DA:14,14
DA:16,2
DA:19,2
DA:21,2
DA:23,2
DA:24,6
DA:25,2
DA:28,2
DA:30,4
DA:31,2
DA:32,4
DA:33,2
DA:34,3
DA:35,2
LF:14
LH:14
end_of_record
SF:lib\src\widgets\create_account_widgets\back_button_widget.dart
DA:11,13
DA:13,2
DA:16,2
DA:17,0
DA:18,2
DA:19,3
DA:20,2
DA:23,2
DA:26,2
LF:9
LH:8
end_of_record
SF:lib\src\widgets\general_widgets\background_image.dart
DA:11,3
DA:19,3
DA:22,3
DA:23,3
DA:24,6
DA:31,3
DA:32,3
DA:33,3
DA:34,3
DA:36,3
DA:42,3
LF:11
LH:11
end_of_record
SF:lib\src\pages\home_page.dart
DA:12,2
DA:18,2
DA:20,2
DA:21,2
DA:22,2
DA:23,2
DA:24,4
DA:25,0
DA:26,2
DA:33,2
DA:35,2
DA:42,2
DA:43,2
DA:45,2
LF:14
LH:13
end_of_record
SF:lib\src\widgets\general_widgets\drawer_menu_widget.dart
DA:15,3
DA:17,1
DA:18,1
DA:27,1
DA:28,4
DA:31,0
DA:32,0
DA:35,0
DA:38,0
DA:45,0
DA:46,0
DA:50,1
DA:51,2
DA:52,1
DA:53,2
DA:54,2
DA:55,1
DA:56,3
DA:58,2
DA:62,1
DA:63,1
DA:64,1
DA:66,2
DA:67,2
DA:68,1
DA:72,0
DA:73,0
DA:74,0
DA:76,0
DA:77,0
DA:78,0
DA:80,4
DA:81,2
DA:82,4
DA:83,0
DA:85,1
DA:86,2
DA:87,3
DA:92,1
DA:94,1
DA:95,1
DA:96,1
DA:99,1
DA:102,1
DA:103,1
DA:104,1
DA:106,1
DA:107,1
DA:108,2
DA:109,1
DA:110,1
DA:111,1
DA:112,1
DA:115,1
DA:117,1
DA:120,1
DA:121,1
DA:122,1
DA:123,1
DA:124,1
DA:126,1
DA:127,2
DA:129,1
DA:133,1
DA:134,1
DA:135,1
DA:138,1
DA:139,1
DA:141,1
DA:142,1
DA:143,1
DA:144,1
DA:149,2
DA:150,1
DA:151,2
DA:153,1
DA:157,2
DA:158,1
DA:160,1
DA:161,1
DA:162,1
DA:163,1
DA:164,1
DA:166,1
DA:167,1
DA:168,2
DA:175,8
DA:176,1
DA:177,1
DA:178,1
DA:179,1
DA:183,1
DA:184,0
DA:186,0
DA:187,0
DA:188,0
DA:190,0
DA:191,0
DA:193,0
DA:196,1
DA:202,1
DA:203,1
DA:204,1
DA:207,1
DA:208,1
DA:209,1
DA:210,1
DA:215,2
DA:216,1
DA:217,2
DA:219,1
DA:223,0
DA:225,0
LF:113
LH:91
end_of_record
SF:lib\src\pages\login_page.dart
DA:31,2
DA:39,1
DA:40,1
DA:56,1
DA:57,2
DA:58,3
DA:60,0
DA:61,0
DA:66,1
DA:68,2
DA:69,3
DA:70,3
DA:74,1
DA:76,6
DA:78,1
DA:80,1
DA:81,2
DA:83,1
DA:85,0
DA:86,0
DA:87,0
DA:88,0
DA:89,0
DA:90,0
DA:95,3
DA:101,1
DA:103,1
DA:104,3
DA:107,1
DA:109,2
DA:111,1
DA:113,1
DA:114,1
DA:115,1
DA:116,1
DA:117,1
DA:118,1
DA:119,1
DA:120,2
DA:121,1
DA:123,1
DA:124,1
DA:125,1
DA:126,1
DA:127,3
DA:128,1
DA:132,1
DA:134,2
DA:135,1
DA:137,1
DA:138,1
DA:140,1
DA:141,1
DA:142,3
DA:143,1
DA:147,1
DA:149,2
DA:150,1
DA:152,1
DA:153,1
DA:155,2
DA:156,1
LF:62
LH:54
end_of_record
SF:lib\src\utils\slide_transition.dart
DA:9,2
DA:14,2
DA:16,2
DA:18,2
DA:22,2
DA:23,2
DA:26,2
DA:27,2
DA:37,1
DA:38,1
DA:41,1
DA:42,1
LF:12
LH:12
end_of_record
SF:lib\src\widgets\login_widgets\login_header.dart
DA:13,1
DA:15,1
DA:17,1
DA:18,1
DA:19,1
DA:21,1
DA:22,3
DA:23,1
DA:26,1
DA:27,1
DA:29,1
DA:31,2
DA:32,1
DA:33,1
DA:34,1
DA:37,2
DA:38,1
DA:39,1
DA:40,1
LF:19
LH:19
end_of_record
SF:lib\src\widgets\login_widgets\create_account_button.dart
DA:17,1
DA:19,1
DA:22,1
DA:23,1
DA:25,1
DA:26,2
DA:27,1
DA:29,1
DA:30,1
DA:31,1
DA:32,1
DA:33,1
DA:34,1
DA:37,0
DA:38,0
DA:39,0
DA:41,1
DA:42,1
DA:43,1
LF:19
LH:16
end_of_record
SF:lib\src\utils\language_util.dart
DA:5,6
DA:6,4
DA:7,2
DA:11,2
DA:12,2
DA:15,2
DA:16,4
DA:19,2
DA:20,8
LF:9
LH:9
end_of_record
SF:lib\src\widgets\dialog_widgets\logout_alert_dialog.dart
DA:23,1
DA:25,1
DA:26,1
DA:32,0
DA:34,0
DA:36,0
DA:37,0
DA:39,0
DA:41,0
DA:43,0
DA:47,0
DA:49,0
DA:51,0
DA:53,0
DA:54,0
DA:55,0
DA:56,0
DA:61,0
DA:63,0
DA:65,0
DA:67,0
DA:68,0
DA:69,0
DA:78,1
DA:80,1
DA:82,2
DA:83,1
DA:84,1
DA:85,1
DA:88,1
DA:89,2
DA:90,1
DA:92,1
DA:93,1
DA:94,2
DA:95,1
DA:101,2
DA:102,1
DA:104,1
DA:105,1
DA:107,1
DA:112,2
DA:113,1
DA:115,2
DA:116,1
DA:123,1
DA:124,1
DA:126,2
DA:127,0
DA:129,2
DA:130,1
DA:131,2
DA:132,1
LF:53
LH:32
end_of_record
SF:lib\src\pages\splash_page.dart
DA:19,1
DA:21,1
DA:22,1
DA:28,1
DA:30,1
DA:32,1
DA:34,2
DA:35,0
DA:38,1
DA:40,2
DA:45,1
DA:46,1
DA:47,1
DA:50,0
DA:51,0
DA:52,0
DA:57,1
DA:59,1
DA:60,1
DA:63,1
DA:66,1
DA:68,1
DA:69,1
DA:71,1
DA:72,1
DA:74,1
DA:75,1
DA:77,2
DA:78,1
DA:80,1
LF:30
LH:26
end_of_record
