SF:lib\src\classes\client.dart
DA:19,8
DA:39,3
DA:40,3
DA:41,3
DA:42,3
DA:43,3
DA:44,3
DA:45,3
DA:46,3
DA:47,3
DA:48,3
DA:49,3
DA:50,3
DA:51,3
DA:52,3
DA:53,3
DA:54,3
DA:55,3
LF:18
LH:18
end_of_record
SF:lib\src\classes\order.dart
DA:17,4
DA:33,2
DA:35,2
DA:37,4
DA:38,3
DA:39,2
DA:43,2
DA:44,2
DA:45,2
DA:46,2
DA:47,2
DA:48,2
DA:49,2
DA:50,2
DA:51,2
DA:52,2
DA:53,2
LF:17
LH:17
end_of_record
SF:lib\src\classes\product.dart
DA:12,10
DA:24,3
DA:25,3
DA:26,3
DA:27,3
DA:28,3
DA:29,6
DA:30,6
DA:31,3
DA:32,3
DA:35,2
DA:36,2
DA:37,2
DA:38,2
DA:39,4
LF:15
LH:15
end_of_record
SF:lib\src\classes\products_group.dart
DA:8,3
DA:15,2
DA:16,2
DA:17,2
DA:18,12
LF:5
LH:5
end_of_record
SF:lib\src\classes\visit_detail.dart
DA:11,3
DA:20,2
DA:22,2
DA:24,2
DA:25,6
DA:26,4
DA:30,2
DA:31,2
DA:32,2
DA:33,2
LF:10
LH:10
end_of_record
SF:lib\src\classes\visit.dart
DA:7,4
DA:15,4
DA:16,2
DA:17,2
DA:18,2
LF:5
LH:5
end_of_record
SF:lib\src\classes\user.dart
DA:10,19
DA:21,1
DA:22,1
DA:23,1
DA:24,1
DA:25,1
DA:26,1
DA:27,1
DA:28,1
LF:9
LH:9
end_of_record
SF:lib\src\pages\clients_pages\clients_page.dart
DA:20,5
DA:24,2
DA:25,2
DA:34,2
DA:36,6
DA:37,4
DA:40,2
DA:41,4
DA:42,4
DA:45,2
DA:48,4
DA:51,2
DA:52,6
DA:57,2
DA:59,2
DA:60,2
DA:63,2
DA:64,3
DA:65,1
DA:66,6
DA:67,2
DA:68,3
DA:69,2
DA:72,0
DA:73,0
DA:74,0
LF:26
LH:23
end_of_record
SF:lib\src\providers\login_provider.dart
DA:10,12
DA:11,14
DA:13,6
DA:15,6
DA:17,6
DA:21,4
DA:23,4
DA:25,4
LF:8
LH:8
end_of_record
SF:lib\src\services\fetch_data.dart
DA:25,20
DA:27,2
DA:29,1
DA:31,1
DA:33,2
DA:34,3
DA:35,1
DA:41,2
DA:43,3
DA:45,1
DA:53,1
DA:57,2
DA:58,3
DA:59,1
DA:64,2
DA:72,1
DA:74,1
DA:76,2
DA:78,2
DA:80,2
DA:81,6
DA:84,2
DA:86,3
DA:88,6
DA:89,4
DA:98,1
DA:117,1
DA:119,3
DA:122,3
DA:132,1
DA:133,1
DA:138,3
DA:140,1
DA:143,2
DA:145,2
DA:153,2
DA:155,2
DA:157,4
DA:158,6
DA:159,2
DA:161,2
DA:164,4
DA:166,3
DA:168,3
DA:169,2
DA:178,2
DA:180,2
DA:182,4
DA:183,2
DA:184,6
DA:185,2
DA:186,2
DA:188,2
DA:191,4
DA:193,3
DA:196,2
DA:197,2
DA:206,2
DA:210,4
DA:211,6
DA:212,2
DA:213,2
DA:216,2
DA:219,4
DA:227,2
DA:229,2
DA:231,4
DA:232,6
DA:233,2
DA:235,2
DA:238,4
DA:240,3
DA:242,5
DA:243,3
DA:244,2
DA:254,1
DA:256,1
DA:258,2
DA:259,3
DA:260,1
DA:262,1
DA:265,2
DA:267,3
DA:269,2
DA:270,2
DA:279,1
DA:283,2
DA:284,3
DA:285,1
DA:286,1
DA:289,1
DA:292,2
DA:300,1
DA:302,1
DA:304,2
DA:305,3
DA:306,1
DA:308,1
DA:311,2
DA:313,3
DA:315,2
DA:323,1
DA:327,6
DA:329,5
DA:331,3
DA:333,2
DA:335,2
DA:336,4
DA:338,1
DA:342,1
DA:348,1
DA:350,1
DA:352,1
DA:355,1
DA:358,3
DA:359,3
DA:360,1
DA:361,1
DA:362,3
DA:363,1
DA:368,3
DA:369,3
DA:370,1
DA:371,1
DA:372,5
DA:373,1
DA:375,4
DA:380,1
DA:381,1
LF:129
LH:129
end_of_record
SF:lib\src\pages\clients_pages\client_detail_page.dart
DA:18,1
DA:25,1
DA:28,1
DA:29,1
DA:33,1
DA:34,1
DA:35,1
DA:37,1
DA:39,1
DA:40,1
DA:41,3
DA:42,0
DA:44,0
DA:45,0
DA:47,1
DA:48,1
DA:53,1
DA:54,1
DA:55,2
DA:56,1
DA:58,1
DA:60,1
DA:61,1
DA:64,1
DA:68,1
DA:69,1
DA:70,3
DA:71,0
DA:73,0
DA:74,0
DA:76,1
DA:77,1
DA:81,2
DA:82,1
DA:83,2
DA:84,1
DA:88,2
DA:89,1
DA:91,2
DA:93,1
DA:95,2
DA:97,1
DA:99,2
DA:101,1
DA:103,2
DA:105,2
DA:106,1
DA:107,2
DA:108,0
DA:110,0
DA:113,2
LF:51
LH:43
end_of_record
SF:lib\src\pages\orders_pages\new_order_page.dart
DA:26,2
DA:34,2
DA:35,2
DA:44,2
DA:46,4
DA:48,5
DA:51,12
DA:53,2
DA:56,6
DA:60,2
DA:62,2
DA:63,2
DA:66,2
DA:69,2
DA:70,2
DA:72,2
DA:73,2
DA:74,2
DA:75,4
DA:76,2
DA:80,2
DA:81,2
DA:82,2
DA:83,2
DA:84,2
DA:86,2
DA:87,4
DA:89,0
DA:90,0
DA:93,2
DA:95,2
DA:96,2
DA:101,4
DA:102,0
DA:103,0
DA:104,0
DA:106,0
DA:107,0
DA:108,0
DA:110,0
DA:112,0
DA:113,0
DA:114,0
DA:120,2
DA:129,4
DA:130,2
DA:131,6
DA:132,2
DA:133,4
DA:134,2
DA:137,1
DA:138,1
DA:139,1
DA:140,1
DA:141,1
DA:142,1
DA:143,1
DA:145,2
DA:146,2
DA:147,2
DA:148,1
DA:150,1
DA:151,1
DA:152,3
DA:153,1
DA:157,2
DA:158,1
DA:159,1
DA:160,1
DA:162,4
DA:163,6
LF:71
LH:59
end_of_record
SF:lib\src\utils\responsive_app.dart
DA:18,1
DA:19,11
DA:20,4
DA:21,4
DA:22,4
DA:23,3
DA:24,3
DA:25,3
DA:26,3
DA:27,3
DA:30,25
DA:31,25
DA:33,0
DA:35,25
DA:39,23
DA:40,23
DA:42,0
DA:44,23
DA:48,56
DA:50,50
DA:52,50
DA:54,2
DA:56,2
DA:58,2
DA:60,25
DA:61,75
DA:62,2
DA:63,2
LF:28
LH:26
end_of_record
SF:lib\src\utils\slide_transition.dart
DA:9,5
DA:14,5
DA:16,4
DA:18,4
DA:22,4
DA:23,4
DA:26,4
DA:27,4
DA:37,1
DA:38,1
DA:41,1
DA:42,1
LF:12
LH:12
end_of_record
SF:lib\src\utils\texts_util.dart
DA:16,17
DA:20,22
DA:22,22
DA:26,20
DA:32,2
DA:33,10
DA:34,4
DA:37,15
DA:38,15
DA:39,15
DA:40,30
DA:41,30
DA:42,15
DA:50,1
DA:51,2
DA:52,1
DA:54,1
DA:57,2
DA:58,2
DA:59,1
DA:67,1
DA:69,1
DA:71,1
DA:72,2
DA:75,1
DA:77,1
DA:78,4
DA:84,1
DA:88,2
DA:89,2
DA:91,0
DA:94,1
DA:95,2
DA:97,1
DA:99,1
DA:100,4
DA:107,1
DA:108,1
DA:109,1
DA:111,1
DA:113,1
DA:115,1
DA:117,1
DA:124,1
DA:125,1
DA:126,1
DA:133,39
DA:135,3
DA:136,9
DA:138,2
DA:141,2
DA:143,2
DA:149,1
LF:53
LH:52
end_of_record
SF:lib\src\widgets\clients_widgets\info_client_item.dart
DA:12,1
DA:20,1
DA:23,1
DA:24,1
DA:25,1
DA:26,1
DA:28,1
DA:29,1
DA:30,1
DA:31,1
DA:33,3
DA:35,2
DA:36,1
DA:37,1
DA:38,1
DA:39,1
LF:16
LH:16
end_of_record
SF:lib\src\widgets\general_widgets\main_button.dart
DA:18,9
DA:27,9
DA:30,9
DA:32,9
DA:33,9
DA:34,22
DA:35,9
DA:36,9
DA:38,27
DA:40,18
DA:41,11
DA:42,2
DA:43,2
DA:44,2
DA:48,9
DA:49,9
DA:51,9
LF:17
LH:17
end_of_record
SF:lib\src\widgets\general_widgets\poppins_text.dart
DA:15,28
DA:28,28
DA:30,28
DA:31,28
DA:32,28
DA:33,28
DA:34,28
DA:35,28
DA:36,28
DA:37,28
DA:38,28
DA:39,28
LF:12
LH:12
end_of_record
SF:lib\src\widgets\clients_widgets\client_card.dart
DA:17,1
DA:24,1
DA:27,1
DA:28,0
DA:30,0
DA:32,1
DA:34,1
DA:35,1
DA:36,1
DA:38,1
DA:39,1
DA:40,1
DA:42,1
DA:43,1
DA:44,1
DA:45,1
DA:46,1
DA:47,1
DA:48,3
DA:49,0
DA:51,0
DA:52,0
DA:54,1
DA:55,1
DA:59,2
DA:60,1
DA:61,1
DA:63,1
DA:64,1
DA:65,2
DA:66,1
DA:70,2
DA:71,1
DA:72,2
DA:73,1
DA:79,2
DA:80,1
LF:37
LH:32
end_of_record
SF:lib\src\pages\create_account_page.dart
DA:25,1
DA:27,1
DA:28,1
DA:47,1
DA:48,1
DA:49,3
DA:54,1
DA:56,1
DA:57,3
DA:60,1
DA:62,1
DA:63,3
DA:69,1
DA:70,1
DA:71,3
DA:74,1
DA:75,3
DA:81,1
DA:82,2
DA:83,3
DA:85,2
DA:86,1
DA:91,1
DA:92,2
DA:93,3
DA:95,2
DA:96,1
DA:101,1
DA:103,3
DA:104,2
DA:105,2
DA:107,1
DA:109,5
DA:116,0
DA:118,0
DA:120,0
DA:122,0
DA:123,0
DA:124,0
DA:125,0
DA:126,0
DA:127,0
DA:128,0
DA:129,0
DA:130,0
DA:131,0
DA:132,0
DA:133,0
DA:134,0
DA:135,0
DA:136,0
DA:141,0
DA:142,0
DA:143,0
DA:145,0
DA:146,0
DA:147,0
DA:148,0
DA:154,0
DA:155,0
DA:156,0
DA:162,0
DA:163,0
DA:164,0
DA:174,1
DA:177,1
DA:179,1
DA:180,1
DA:181,1
DA:183,1
DA:184,1
DA:185,1
DA:186,1
DA:187,1
DA:189,1
DA:190,2
DA:191,1
DA:192,1
DA:193,2
DA:194,1
DA:197,2
DA:198,1
DA:199,1
DA:200,2
DA:201,1
DA:205,2
DA:206,1
DA:207,1
DA:208,2
DA:209,1
DA:213,2
DA:214,1
DA:215,1
DA:216,2
DA:217,1
DA:220,2
DA:221,1
DA:222,1
DA:223,2
DA:224,1
DA:228,2
DA:229,1
DA:230,2
DA:231,2
DA:232,1
DA:233,2
DA:235,2
DA:236,1
DA:237,1
DA:238,2
DA:240,2
DA:241,1
DA:242,2
DA:243,2
DA:244,1
DA:245,2
DA:248,2
DA:249,1
DA:250,1
DA:251,2
DA:252,1
DA:255,2
DA:256,1
DA:257,1
DA:258,2
DA:259,1
DA:263,2
DA:264,1
DA:265,1
DA:266,2
DA:268,1
DA:271,2
DA:272,1
DA:273,1
DA:274,2
DA:276,4
DA:279,2
DA:280,1
DA:281,2
DA:282,1
DA:284,2
LF:141
LH:110
end_of_record
SF:lib\src\providers\create_account_provider.dart
DA:11,6
DA:12,4
DA:13,6
DA:15,3
DA:16,3
DA:17,3
DA:20,2
DA:21,2
DA:22,2
DA:25,3
DA:26,3
DA:27,3
LF:12
LH:12
end_of_record
SF:lib\src\widgets\general_widgets\snackbar_widget.dart
DA:9,4
DA:14,4
DA:15,4
DA:16,4
DA:18,4
LF:5
LH:5
end_of_record
SF:lib\src\widgets\general_widgets\drop_down_widget.dart
DA:22,2
DA:33,2
DA:34,2
DA:42,1
DA:44,2
DA:47,2
DA:48,3
DA:49,1
DA:51,7
DA:52,1
DA:56,2
DA:57,1
DA:58,4
DA:59,0
DA:61,0
DA:62,0
DA:63,0
DA:67,6
DA:68,2
DA:69,2
DA:71,0
DA:79,2
DA:82,2
DA:83,2
DA:84,2
DA:85,4
DA:88,2
DA:89,4
DA:90,2
DA:94,2
DA:95,6
DA:96,2
DA:97,2
DA:100,2
DA:101,2
DA:104,2
DA:105,2
DA:108,2
DA:109,2
DA:110,2
DA:113,2
DA:114,2
DA:117,2
DA:118,4
DA:119,2
DA:123,10
DA:124,2
DA:125,2
DA:126,2
DA:127,2
DA:131,2
DA:132,2
DA:133,2
LF:53
LH:48
end_of_record
SF:lib\src\widgets\general_widgets\button_file_picker.dart
DA:25,2
DA:34,2
DA:35,2
DA:43,2
DA:46,2
DA:48,2
DA:49,2
DA:50,2
DA:52,2
DA:53,2
DA:54,2
DA:56,2
DA:57,2
DA:58,4
DA:59,2
DA:62,4
DA:63,2
DA:64,2
DA:66,2
DA:67,2
DA:70,1
DA:71,2
DA:72,3
DA:74,2
DA:76,0
DA:78,0
DA:80,5
DA:81,7
DA:82,2
DA:85,2
DA:87,2
DA:88,2
DA:92,4
DA:93,2
DA:94,2
DA:95,4
DA:97,2
DA:107,4
DA:108,2
DA:110,1
DA:111,1
DA:112,1
DA:113,1
DA:115,1
DA:116,1
DA:119,2
LF:46
LH:44
end_of_record
SF:lib\src\widgets\general_widgets\text_form_field_widget.dart
DA:22,3
DA:37,3
DA:38,3
DA:45,3
DA:48,3
DA:49,9
DA:50,3
DA:51,6
DA:52,6
DA:53,6
DA:54,6
DA:55,6
DA:56,9
DA:57,3
DA:59,3
DA:61,3
DA:62,9
DA:63,3
DA:64,3
DA:67,3
DA:68,3
DA:71,3
DA:72,3
DA:75,3
DA:77,3
DA:78,3
DA:81,3
DA:82,3
DA:85,3
DA:86,6
DA:87,3
DA:90,9
DA:91,5
DA:92,3
DA:93,3
DA:95,15
DA:97,8
DA:100,2
LF:38
LH:38
end_of_record
SF:lib\src\widgets\create_account_widgets\create_account_header.dart
DA:14,39
DA:16,2
DA:19,2
DA:21,2
DA:23,2
DA:24,6
DA:25,2
DA:28,2
DA:30,4
DA:31,2
DA:32,4
DA:33,2
DA:34,3
DA:35,2
LF:14
LH:14
end_of_record
SF:lib\src\pages\home_page.dart
DA:21,3
DA:23,3
DA:24,3
DA:34,3
DA:37,3
DA:39,3
DA:40,3
DA:41,3
DA:42,3
DA:43,6
DA:44,3
DA:45,3
DA:52,3
DA:53,4
DA:54,4
DA:56,3
DA:64,12
DA:65,1
DA:66,3
DA:69,3
DA:71,3
DA:72,3
DA:73,3
DA:78,3
DA:79,3
DA:80,6
DA:81,6
DA:82,4
DA:84,3
DA:85,6
DA:86,6
DA:87,4
DA:89,3
DA:90,6
DA:91,6
DA:92,4
DA:96,9
LF:37
LH:37
end_of_record
SF:lib\src\widgets\general_widgets\drawer_menu_widget.dart
DA:18,4
DA:20,2
DA:21,2
DA:30,2
DA:31,9
DA:34,0
DA:35,0
DA:38,0
DA:41,0
DA:48,0
DA:49,0
DA:53,2
DA:54,4
DA:55,2
DA:56,4
DA:57,3
DA:58,1
DA:59,3
DA:61,4
DA:65,2
DA:66,2
DA:67,2
DA:69,4
DA:70,3
DA:71,1
DA:75,0
DA:76,0
DA:77,0
DA:79,0
DA:80,0
DA:81,0
DA:83,8
DA:84,4
DA:85,4
DA:86,4
DA:88,2
DA:89,4
DA:90,6
DA:95,2
DA:97,2
DA:98,2
DA:99,2
DA:102,2
DA:105,2
DA:107,2
DA:108,2
DA:109,2
DA:111,2
DA:112,2
DA:113,4
DA:114,2
DA:115,2
DA:116,2
DA:117,2
DA:120,2
DA:122,2
DA:125,2
DA:126,2
DA:127,2
DA:128,2
DA:129,2
DA:131,2
DA:132,10
DA:134,2
DA:138,2
DA:139,2
DA:140,2
DA:141,2
DA:142,2
DA:144,2
DA:145,4
DA:147,2
DA:150,2
DA:151,2
DA:152,2
DA:155,2
DA:156,2
DA:158,2
DA:159,2
DA:160,2
DA:161,2
DA:166,4
DA:167,2
DA:168,4
DA:170,2
DA:174,4
DA:175,2
DA:177,2
DA:178,2
DA:179,2
DA:180,2
DA:181,2
DA:183,2
DA:184,2
DA:185,4
DA:192,11
DA:193,1
DA:194,1
DA:195,1
DA:196,1
DA:200,2
DA:201,0
DA:203,0
DA:204,0
DA:205,0
DA:207,0
DA:208,0
DA:210,0
DA:213,2
DA:219,2
DA:220,2
DA:221,2
DA:224,2
DA:225,2
DA:226,2
DA:227,2
DA:232,4
DA:233,2
DA:234,4
DA:236,2
DA:240,0
DA:242,0
LF:122
LH:101
end_of_record
SF:lib\src\pages\orders_pages\orders_page.dart
DA:23,39
DA:27,4
DA:28,4
DA:37,4
DA:39,11
DA:40,8
DA:43,4
DA:44,8
DA:45,8
DA:46,4
DA:49,8
DA:52,6
DA:55,4
DA:56,12
DA:61,4
DA:63,4
DA:64,4
DA:67,4
DA:70,4
DA:72,4
DA:73,13
DA:75,6
DA:82,6
DA:83,2
DA:84,12
DA:85,4
DA:86,6
DA:87,4
DA:90,1
DA:91,2
DA:92,4
LF:31
LH:31
end_of_record
SF:lib\src\pages\visits_pages\visits_page.dart
DA:27,4
DA:29,1
DA:30,1
DA:39,1
DA:41,3
DA:43,2
DA:44,2
DA:47,2
DA:48,2
DA:49,2
DA:53,3
DA:54,3
DA:55,3
DA:56,1
DA:60,2
DA:63,1
DA:64,3
DA:69,1
DA:71,1
DA:72,1
DA:75,1
DA:76,1
DA:78,1
DA:81,1
DA:82,1
DA:84,2
DA:85,1
DA:87,0
DA:97,1
DA:98,1
DA:99,1
DA:100,0
DA:101,0
DA:102,0
DA:105,1
DA:106,2
DA:107,1
DA:108,3
DA:109,1
DA:110,2
DA:111,1
DA:114,1
DA:115,2
DA:116,2
DA:117,2
DA:118,1
LF:46
LH:42
end_of_record
SF:lib\src\pages\login_page.dart
DA:31,2
DA:39,1
DA:40,1
DA:56,1
DA:57,2
DA:58,3
DA:60,0
DA:61,0
DA:66,1
DA:68,2
DA:69,3
DA:70,3
DA:74,1
DA:76,6
DA:78,1
DA:79,2
DA:81,1
DA:83,1
DA:85,1
DA:87,2
DA:88,2
DA:89,2
DA:90,2
DA:91,2
DA:92,2
DA:93,1
DA:94,1
DA:95,1
DA:96,2
DA:101,3
DA:107,1
DA:109,1
DA:110,3
DA:113,1
DA:115,2
DA:117,1
DA:119,1
DA:120,1
DA:121,1
DA:122,1
DA:123,1
DA:124,1
DA:125,1
DA:126,2
DA:127,1
DA:129,1
DA:130,1
DA:131,1
DA:132,1
DA:133,3
DA:134,1
DA:138,1
DA:140,2
DA:141,1
DA:143,1
DA:144,1
DA:146,1
DA:147,1
DA:148,3
DA:149,1
DA:153,1
DA:155,2
DA:156,1
DA:158,1
DA:159,1
DA:161,2
DA:162,1
LF:67
LH:65
end_of_record
SF:lib\src\widgets\login_widgets\login_header.dart
DA:13,1
DA:15,1
DA:17,1
DA:18,1
DA:19,1
DA:21,1
DA:22,3
DA:23,1
DA:26,1
DA:27,1
DA:29,1
DA:31,2
DA:32,1
DA:33,1
DA:34,1
DA:37,2
DA:38,1
DA:39,1
DA:40,1
LF:19
LH:19
end_of_record
SF:lib\src\widgets\login_widgets\create_account_button.dart
DA:17,1
DA:19,1
DA:22,1
DA:23,1
DA:25,1
DA:26,2
DA:27,1
DA:29,1
DA:30,1
DA:31,1
DA:32,1
DA:33,1
DA:34,1
DA:37,0
DA:38,0
DA:39,0
DA:41,1
DA:42,1
DA:43,1
LF:19
LH:16
end_of_record
SF:lib\src\providers\order_provider.dart
DA:10,16
DA:12,10
DA:13,4
DA:15,3
DA:17,14
DA:19,3
DA:20,1
DA:21,1
DA:22,1
DA:23,1
DA:24,1
DA:25,1
DA:26,1
DA:27,1
DA:29,2
DA:31,3
DA:32,3
DA:33,3
DA:34,3
DA:35,3
DA:36,3
DA:37,3
DA:38,3
DA:40,6
DA:42,3
DA:45,1
DA:46,6
DA:47,1
DA:50,1
DA:51,2
DA:52,1
DA:55,2
DA:56,2
DA:57,2
DA:60,1
DA:61,2
DA:62,1
DA:65,1
DA:66,2
DA:67,1
DA:70,2
DA:71,2
DA:72,2
LF:43
LH:43
end_of_record
SF:lib\src\widgets\new_order_widgets\product_card.dart
DA:22,2
DA:24,2
DA:27,2
DA:29,2
DA:30,2
DA:31,2
DA:32,2
DA:33,2
DA:34,2
DA:36,2
DA:37,2
DA:39,2
DA:40,2
DA:41,2
DA:42,2
DA:48,2
DA:51,2
DA:52,6
DA:55,4
DA:56,2
DA:57,10
DA:58,2
DA:62,4
DA:63,2
DA:64,4
DA:65,2
DA:70,4
DA:71,2
DA:72,20
DA:73,2
DA:80,0
DA:82,0
DA:83,0
DA:84,0
DA:87,0
DA:88,0
DA:90,0
DA:93,0
LF:38
LH:30
end_of_record
SF:lib\src\pages\orders_pages\order_summary_page.dart
DA:20,1
DA:22,1
DA:25,1
DA:26,1
DA:28,1
DA:29,1
DA:32,1
DA:33,2
DA:34,1
DA:38,1
DA:39,1
DA:40,1
DA:41,1
DA:42,2
DA:43,4
DA:46,1
DA:47,4
DA:48,1
DA:49,2
DA:50,1
DA:51,3
DA:52,4
DA:53,1
DA:54,1
DA:55,1
DA:56,1
DA:57,1
DA:58,1
DA:59,3
DA:60,4
DA:61,1
DA:62,1
DA:63,1
LF:33
LH:33
end_of_record
SF:lib\src\pages\orders_pages\order_detail_page.dart
DA:18,1
DA:20,1
DA:23,1
DA:24,1
DA:27,1
DA:28,2
DA:29,1
DA:33,1
DA:34,2
DA:35,1
DA:37,1
DA:38,2
DA:39,1
DA:40,2
DA:41,4
DA:43,2
DA:44,1
DA:45,2
DA:46,4
DA:48,2
DA:49,1
DA:50,2
DA:51,2
DA:53,2
DA:54,1
DA:55,2
DA:56,1
DA:60,2
DA:61,1
DA:62,1
DA:63,3
DA:64,2
DA:65,3
LF:33
LH:33
end_of_record
SF:lib\src\widgets\oder_widgets\order_badge.dart
DA:12,2
DA:20,2
DA:23,2
DA:24,2
DA:25,2
DA:26,2
DA:28,2
DA:29,4
DA:30,4
DA:31,4
DA:33,2
DA:34,2
DA:35,2
DA:36,2
LF:14
LH:14
end_of_record
SF:lib\src\widgets\oder_widgets\order_info_item.dart
DA:13,1
DA:21,1
DA:23,1
DA:24,1
DA:25,1
DA:26,1
DA:27,1
DA:28,1
DA:29,1
DA:34,1
DA:35,1
DA:36,1
DA:37,1
LF:13
LH:13
end_of_record
SF:lib\src\widgets\new_order_widgets\oder_product_card.dart
DA:21,2
DA:30,2
DA:33,2
DA:35,2
DA:36,2
DA:37,4
DA:38,2
DA:40,2
DA:41,4
DA:42,2
DA:44,2
DA:45,2
DA:46,2
DA:47,2
DA:48,2
DA:49,2
DA:50,2
DA:52,2
DA:53,2
DA:54,6
DA:55,4
DA:58,4
DA:59,2
DA:60,2
DA:62,2
DA:63,2
DA:64,4
DA:65,2
DA:69,4
DA:70,2
DA:71,20
DA:72,2
DA:78,4
DA:79,3
DA:80,0
DA:81,1
DA:86,1
LF:37
LH:36
end_of_record
SF:lib\src\widgets\new_order_widgets\footer_order_summary.dart
DA:24,2
DA:26,2
DA:27,2
DA:32,2
DA:35,2
DA:36,2
DA:37,2
DA:39,2
DA:40,2
DA:41,2
DA:42,2
DA:44,2
DA:45,2
DA:46,2
DA:47,2
DA:48,2
DA:50,2
DA:52,2
DA:53,2
DA:54,4
DA:55,2
DA:58,4
DA:59,2
DA:60,8
DA:61,2
DA:68,2
DA:70,2
DA:72,2
DA:73,2
DA:74,4
DA:75,2
DA:78,4
DA:79,2
DA:80,6
DA:81,2
DA:90,4
DA:91,2
DA:92,4
DA:93,1
DA:95,1
DA:97,1
DA:98,1
DA:99,1
DA:101,5
DA:104,0
DA:105,0
DA:107,0
DA:108,0
DA:110,1
DA:111,2
DA:115,1
LF:51
LH:47
end_of_record
SF:lib\src\widgets\oder_widgets\order_card.dart
DA:19,1
DA:21,1
DA:24,1
DA:25,0
DA:27,0
DA:29,1
DA:30,1
DA:31,1
DA:32,1
DA:34,1
DA:35,1
DA:36,1
DA:38,1
DA:40,1
DA:42,1
DA:43,1
DA:44,1
DA:45,1
DA:47,1
DA:48,1
DA:49,2
DA:50,1
DA:54,2
DA:55,1
DA:56,4
DA:59,2
DA:60,1
DA:61,2
DA:62,4
DA:67,1
LF:30
LH:28
end_of_record
SF:lib\src\pages\orders_pages\product_detail_page.dart
DA:21,1
DA:23,1
DA:24,1
DA:30,1
DA:33,1
DA:35,1
DA:36,1
DA:40,1
DA:41,1
DA:42,1
DA:43,1
DA:44,1
DA:45,1
DA:46,1
DA:48,1
DA:49,1
DA:50,2
DA:51,1
DA:52,1
DA:53,4
DA:54,2
DA:56,1
DA:57,1
DA:59,1
DA:60,1
DA:64,2
DA:65,1
DA:66,6
DA:67,1
DA:71,2
DA:72,1
DA:73,3
DA:74,1
DA:78,2
DA:79,1
DA:80,11
DA:81,1
DA:85,2
DA:86,1
DA:87,3
DA:88,1
DA:95,1
DA:96,1
DA:97,1
DA:98,1
DA:100,1
DA:102,1
DA:103,4
DA:104,1
DA:105,1
DA:106,1
DA:107,1
DA:108,2
DA:109,1
DA:110,1
DA:111,1
DA:112,3
DA:113,3
DA:114,3
DA:115,3
DA:116,1
DA:117,3
DA:118,3
DA:121,1
DA:122,1
LF:65
LH:65
end_of_record
SF:lib\src\widgets\new_order_widgets\quantity_product.dart
DA:15,1
DA:17,1
DA:18,1
DA:24,1
DA:27,1
DA:29,1
DA:30,1
DA:31,1
DA:32,1
DA:33,1
DA:35,1
DA:37,1
DA:38,1
DA:39,2
DA:40,1
DA:42,2
DA:46,2
DA:47,1
DA:48,3
DA:49,1
DA:53,2
DA:54,1
DA:55,5
DA:56,1
DA:58,4
LF:25
LH:25
end_of_record
SF:lib\src\pages\visits_pages\create_visit_page.dart
DA:28,2
DA:30,1
DA:31,1
DA:40,1
DA:42,1
DA:43,3
DA:44,1
DA:47,1
DA:49,2
DA:50,2
DA:52,6
DA:54,1
DA:56,1
DA:58,5
DA:60,1
DA:64,1
DA:66,2
DA:67,2
DA:69,3
DA:71,1
DA:73,1
DA:74,3
DA:75,6
DA:78,2
DA:79,2
DA:80,2
DA:84,1
DA:86,3
DA:87,1
DA:88,3
DA:93,2
DA:97,1
DA:99,3
DA:100,4
DA:105,1
DA:109,1
DA:111,3
DA:112,4
DA:119,1
DA:122,1
DA:124,1
DA:125,1
DA:126,2
DA:127,1
DA:134,1
DA:135,1
DA:136,2
DA:137,1
DA:138,1
DA:139,2
DA:140,1
DA:142,2
DA:143,1
LF:53
LH:53
end_of_record
SF:lib\src\providers\create_visit_provider.dart
DA:15,2
DA:16,2
DA:17,2
DA:19,2
DA:21,1
DA:22,1
DA:23,1
DA:26,1
DA:27,1
DA:28,1
DA:31,1
DA:32,1
DA:33,1
DA:36,1
DA:37,2
DA:38,1
DA:41,1
DA:42,1
DA:43,1
LF:19
LH:19
end_of_record
SF:lib\src\widgets\create_visit_widgets\date_visit.dart
DA:15,2
DA:17,2
DA:18,2
DA:26,1
DA:28,2
DA:30,1
DA:31,1
DA:32,2
DA:33,1
DA:34,1
DA:39,0
DA:40,0
DA:46,2
DA:49,2
DA:51,2
DA:52,2
DA:53,2
DA:54,2
DA:55,2
DA:56,4
DA:58,2
DA:59,2
DA:60,2
DA:62,2
DA:63,2
DA:65,2
DA:67,2
DA:68,2
DA:69,2
DA:70,2
DA:71,6
DA:72,0
DA:73,2
DA:74,2
DA:77,4
DA:78,4
DA:82,0
DA:83,0
DA:88,0
DA:89,0
DA:90,0
LF:41
LH:33
end_of_record
SF:lib\src\widgets\create_visit_widgets\clients_multi_select.dart
DA:16,1
DA:18,1
DA:19,1
DA:25,1
DA:28,1
DA:30,1
DA:31,1
DA:32,1
DA:33,1
DA:34,1
DA:36,1
DA:37,1
DA:40,1
DA:45,1
DA:46,2
DA:47,1
DA:49,1
DA:52,1
DA:53,2
DA:54,1
DA:56,1
DA:60,1
DA:61,2
DA:62,1
DA:64,1
DA:68,1
DA:69,2
DA:70,1
DA:72,1
DA:76,2
DA:77,1
DA:79,1
DA:81,1
DA:83,1
DA:85,1
DA:87,1
DA:89,1
DA:91,1
DA:93,1
DA:94,0
DA:95,1
DA:96,0
DA:99,1
DA:100,1
DA:102,1
LF:45
LH:43
end_of_record
SF:lib\src\pages\visits_pages\visit_detail_page.dart
DA:27,1
DA:35,1
DA:36,1
DA:58,0
DA:60,0
DA:62,0
DA:63,0
DA:65,0
DA:69,1
DA:71,2
DA:73,3
DA:74,2
DA:75,2
DA:76,3
DA:79,2
DA:80,0
DA:81,0
DA:82,0
DA:84,0
DA:88,3
DA:90,4
DA:92,1
DA:94,3
DA:98,1
DA:100,2
DA:102,2
DA:103,1
DA:107,1
DA:111,2
DA:112,2
DA:113,1
DA:114,2
DA:115,3
DA:116,2
DA:122,1
DA:124,2
DA:126,2
DA:127,1
DA:137,1
DA:139,1
DA:140,3
DA:141,1
DA:144,1
DA:147,1
DA:149,1
DA:150,1
DA:151,2
DA:153,7
DA:155,1
DA:160,1
DA:162,1
DA:163,1
DA:164,0
DA:165,0
DA:166,0
DA:171,1
DA:172,1
LF:57
LH:45
end_of_record
SF:lib\src\utils\map_util.dart
DA:5,1
DA:9,2
DA:10,2
DA:11,2
DA:13,1
DA:14,1
DA:15,1
DA:16,1
DA:19,2
DA:20,1
DA:21,1
DA:23,1
DA:24,1
DA:25,1
DA:26,1
DA:29,1
DA:30,1
DA:31,1
LF:18
LH:18
end_of_record
SF:lib\src\widgets\visits_widgets\date_filter.dart
DA:13,2
DA:20,2
DA:21,2
DA:29,1
DA:31,1
DA:32,1
DA:33,2
DA:34,1
DA:35,1
DA:40,0
DA:42,0
DA:48,2
DA:51,2
DA:52,2
DA:53,2
DA:54,2
DA:55,2
DA:56,4
DA:58,2
DA:59,2
DA:60,2
DA:62,2
DA:63,2
DA:66,2
DA:67,2
DA:68,2
DA:73,4
DA:74,2
DA:75,2
DA:76,6
DA:77,0
DA:78,2
DA:82,4
DA:83,4
DA:87,0
DA:88,0
DA:93,0
DA:94,0
DA:95,0
LF:39
LH:31
end_of_record
SF:lib\src\widgets\visits_widgets\visit_card.dart
DA:19,1
DA:27,1
DA:30,1
DA:31,4
DA:32,0
DA:34,0
DA:36,1
DA:38,1
DA:39,1
DA:40,1
DA:42,1
DA:43,1
DA:44,1
DA:46,1
DA:47,1
DA:48,1
DA:49,1
DA:50,1
DA:52,1
DA:54,1
DA:56,1
DA:57,3
DA:58,1
DA:63,2
DA:64,1
DA:65,1
DA:67,1
DA:68,1
DA:69,4
DA:70,1
DA:74,2
DA:75,1
DA:76,8
DA:77,1
DA:83,2
DA:84,1
LF:36
LH:34
end_of_record
SF:lib\src\utils\language_util.dart
DA:5,9
DA:6,6
DA:7,3
DA:11,2
DA:12,2
DA:15,3
DA:16,5
DA:19,3
DA:20,12
LF:9
LH:9
end_of_record
SF:lib\src\widgets\create_account_widgets\back_button_widget.dart
DA:11,38
DA:13,2
DA:16,2
DA:17,0
DA:18,2
DA:19,3
DA:20,2
DA:23,2
DA:26,2
LF:9
LH:8
end_of_record
SF:lib\src\widgets\general_widgets\background_image.dart
DA:11,3
DA:19,3
DA:22,3
DA:23,3
DA:24,6
DA:31,3
DA:32,3
DA:33,3
DA:34,3
DA:36,3
DA:42,3
LF:11
LH:11
end_of_record
SF:lib\src\widgets\dialog_widgets\logout_alert_dialog.dart
DA:23,1
DA:25,1
DA:26,1
DA:32,0
DA:34,0
DA:36,0
DA:37,0
DA:39,0
DA:41,0
DA:43,0
DA:47,0
DA:49,0
DA:51,0
DA:53,0
DA:54,0
DA:55,0
DA:56,0
DA:61,0
DA:63,0
DA:65,0
DA:67,0
DA:68,0
DA:69,0
DA:78,1
DA:80,1
DA:82,2
DA:83,1
DA:84,1
DA:85,1
DA:88,1
DA:89,2
DA:90,1
DA:92,1
DA:93,1
DA:94,2
DA:95,1
DA:101,2
DA:102,1
DA:104,1
DA:105,1
DA:107,1
DA:112,2
DA:113,1
DA:115,2
DA:116,1
DA:123,1
DA:124,1
DA:126,2
DA:127,0
DA:129,2
DA:130,1
DA:131,2
DA:132,1
LF:53
LH:32
end_of_record
SF:lib\src\pages\splash_page.dart
DA:23,1
DA:25,1
DA:26,1
DA:32,1
DA:34,2
DA:36,1
DA:38,1
DA:40,2
DA:42,1
DA:43,1
DA:44,1
DA:45,1
DA:46,1
DA:49,2
DA:50,0
DA:53,1
DA:55,2
DA:60,1
DA:61,1
DA:62,1
DA:65,0
DA:66,0
DA:67,0
DA:72,1
DA:74,1
DA:75,1
DA:78,1
DA:81,1
DA:83,1
DA:84,1
DA:86,1
DA:87,1
DA:89,1
DA:90,1
DA:92,2
DA:93,1
DA:95,1
LF:37
LH:33
end_of_record
